  Stepper.cpp
c:\users\asus\documents\github\jciiprppnusp\azimutal\arduino.h(56): fatal error C1083: Cannot open include file: 'compiler.h': No such file or directory
  Azimutal.cpp
c:\users\asus\documents\github\jciiprppnusp\azimutal\azimutal.cpp(24): error C2039: 'pinRX0': is not a member of 'Azimutal'
  c:\users\asus\documents\github\jciiprppnusp\azimutal\azimutal.h(23): note: see declaration of 'Azimutal'
c:\users\asus\documents\github\jciiprppnusp\azimutal\azimutal.cpp(25): error C2039: 'pinRX0': is not a member of 'Azimutal'
  c:\users\asus\documents\github\jciiprppnusp\azimutal\azimutal.h(23): note: see declaration of 'Azimutal'
c:\users\asus\documents\github\jciiprppnusp\azimutal\azimutal.cpp(25): error C2065: 'INPUT': undeclared identifier
c:\users\asus\documents\github\jciiprppnusp\azimutal\azimutal.cpp(25): error C3861: 'pinMode': identifier not found
c:\users\asus\documents\github\jciiprppnusp\azimutal\azimutal.cpp(26): error C2039: 'pinRX1': is not a member of 'Azimutal'
  c:\users\asus\documents\github\jciiprppnusp\azimutal\azimutal.h(23): note: see declaration of 'Azimutal'
c:\users\asus\documents\github\jciiprppnusp\azimutal\azimutal.cpp(27): error C2039: 'pinRX1': is not a member of 'Azimutal'
  c:\users\asus\documents\github\jciiprppnusp\azimutal\azimutal.h(23): note: see declaration of 'Azimutal'
c:\users\asus\documents\github\jciiprppnusp\azimutal\azimutal.cpp(27): error C2065: 'INPUT': undeclared identifier
c:\users\asus\documents\github\jciiprppnusp\azimutal\azimutal.cpp(27): error C3861: 'pinMode': identifier not found
c:\users\asus\documents\github\jciiprppnusp\azimutal\azimutal.cpp(28): error C2039: 'pinRX2': is not a member of 'Azimutal'
  c:\users\asus\documents\github\jciiprppnusp\azimutal\azimutal.h(23): note: see declaration of 'Azimutal'
c:\users\asus\documents\github\jciiprppnusp\azimutal\azimutal.cpp(29): error C2039: 'pinRX': is not a member of 'Azimutal'
  c:\users\asus\documents\github\jciiprppnusp\azimutal\azimutal.h(23): note: see declaration of 'Azimutal'
c:\users\asus\documents\github\jciiprppnusp\azimutal\azimutal.cpp(29): error C2065: 'INPUT': undeclared identifier
c:\users\asus\documents\github\jciiprppnusp\azimutal\azimutal.cpp(29): error C3861: 'pinMode': identifier not found
c:\users\asus\documents\github\jciiprppnusp\azimutal\azimutal.cpp(30): error C2039: 'pinRX3': is not a member of 'Azimutal'
  c:\users\asus\documents\github\jciiprppnusp\azimutal\azimutal.h(23): note: see declaration of 'Azimutal'
c:\users\asus\documents\github\jciiprppnusp\azimutal\azimutal.cpp(31): error C2039: 'pinRX3': is not a member of 'Azimutal'
  c:\users\asus\documents\github\jciiprppnusp\azimutal\azimutal.h(23): note: see declaration of 'Azimutal'
c:\users\asus\documents\github\jciiprppnusp\azimutal\azimutal.cpp(31): error C2065: 'INPUT': undeclared identifier
c:\users\asus\documents\github\jciiprppnusp\azimutal\azimutal.cpp(31): error C3861: 'pinMode': identifier not found
c:\users\asus\documents\github\jciiprppnusp\azimutal\azimutal.cpp(33): error C2039: 'pinNS': is not a member of 'Azimutal'
  c:\users\asus\documents\github\jciiprppnusp\azimutal\azimutal.h(23): note: see declaration of 'Azimutal'
c:\users\asus\documents\github\jciiprppnusp\azimutal\azimutal.cpp(34): error C2039: 'pinNS': is not a member of 'Azimutal'
  c:\users\asus\documents\github\jciiprppnusp\azimutal\azimutal.h(23): note: see declaration of 'Azimutal'
c:\users\asus\documents\github\jciiprppnusp\azimutal\azimutal.cpp(34): error C2065: 'INPUT': undeclared identifier
c:\users\asus\documents\github\jciiprppnusp\azimutal\azimutal.cpp(34): error C3861: 'pinMode': identifier not found
c:\users\asus\documents\github\jciiprppnusp\azimutal\azimutal.cpp(37): error C2614: 'Azimutal': illegal member initialization: 'Stepper' is not a base or member
c:\users\asus\documents\github\jciiprppnusp\azimutal\azimutal.cpp(38): error C2039: 'pinRX0': is not a member of 'Azimutal'
  c:\users\asus\documents\github\jciiprppnusp\azimutal\azimutal.h(23): note: see declaration of 'Azimutal'
c:\users\asus\documents\github\jciiprppnusp\azimutal\azimutal.cpp(39): error C2039: 'pinRX0': is not a member of 'Azimutal'
  c:\users\asus\documents\github\jciiprppnusp\azimutal\azimutal.h(23): note: see declaration of 'Azimutal'
c:\users\asus\documents\github\jciiprppnusp\azimutal\azimutal.cpp(39): error C2065: 'INPUT': undeclared identifier
c:\users\asus\documents\github\jciiprppnusp\azimutal\azimutal.cpp(39): error C3861: 'pinMode': identifier not found
c:\users\asus\documents\github\jciiprppnusp\azimutal\azimutal.cpp(40): error C2039: 'pinRX1': is not a member of 'Azimutal'
  c:\users\asus\documents\github\jciiprppnusp\azimutal\azimutal.h(23): note: see declaration of 'Azimutal'
c:\users\asus\documents\github\jciiprppnusp\azimutal\azimutal.cpp(41): error C2039: 'pinRX1': is not a member of 'Azimutal'
  c:\users\asus\documents\github\jciiprppnusp\azimutal\azimutal.h(23): note: see declaration of 'Azimutal'
c:\users\asus\documents\github\jciiprppnusp\azimutal\azimutal.cpp(41): error C2065: 'INPUT': undeclared identifier
c:\users\asus\documents\github\jciiprppnusp\azimutal\azimutal.cpp(41): error C3861: 'pinMode': identifier not found
c:\users\asus\documents\github\jciiprppnusp\azimutal\azimutal.cpp(42): error C2039: 'pinRX2': is not a member of 'Azimutal'
  c:\users\asus\documents\github\jciiprppnusp\azimutal\azimutal.h(23): note: see declaration of 'Azimutal'
c:\users\asus\documents\github\jciiprppnusp\azimutal\azimutal.cpp(43): error C2039: 'pinRX': is not a member of 'Azimutal'
  c:\users\asus\documents\github\jciiprppnusp\azimutal\azimutal.h(23): note: see declaration of 'Azimutal'
c:\users\asus\documents\github\jciiprppnusp\azimutal\azimutal.cpp(43): error C2065: 'INPUT': undeclared identifier
c:\users\asus\documents\github\jciiprppnusp\azimutal\azimutal.cpp(43): error C3861: 'pinMode': identifier not found
c:\users\asus\documents\github\jciiprppnusp\azimutal\azimutal.cpp(44): error C2039: 'pinRX3': is not a member of 'Azimutal'
  c:\users\asus\documents\github\jciiprppnusp\azimutal\azimutal.h(23): note: see declaration of 'Azimutal'
c:\users\asus\documents\github\jciiprppnusp\azimutal\azimutal.cpp(45): error C2039: 'pinRX3': is not a member of 'Azimutal'
  c:\users\asus\documents\github\jciiprppnusp\azimutal\azimutal.h(23): note: see declaration of 'Azimutal'
c:\users\asus\documents\github\jciiprppnusp\azimutal\azimutal.cpp(45): error C2065: 'INPUT': undeclared identifier
c:\users\asus\documents\github\jciiprppnusp\azimutal\azimutal.cpp(45): error C3861: 'pinMode': identifier not found
c:\users\asus\documents\github\jciiprppnusp\azimutal\azimutal.cpp(47): error C2039: 'pinNS': is not a member of 'Azimutal'
  c:\users\asus\documents\github\jciiprppnusp\azimutal\azimutal.h(23): note: see declaration of 'Azimutal'
c:\users\asus\documents\github\jciiprppnusp\azimutal\azimutal.cpp(48): error C2039: 'pinNS': is not a member of 'Azimutal'
  c:\users\asus\documents\github\jciiprppnusp\azimutal\azimutal.h(23): note: see declaration of 'Azimutal'
c:\users\asus\documents\github\jciiprppnusp\azimutal\azimutal.cpp(48): error C2065: 'INPUT': undeclared identifier
c:\users\asus\documents\github\jciiprppnusp\azimutal\azimutal.cpp(48): error C3861: 'pinMode': identifier not found
c:\users\asus\documents\github\jciiprppnusp\azimutal\azimutal.cpp(51): error C2614: 'Azimutal': illegal member initialization: 'Stepper' is not a base or member
c:\users\asus\documents\github\jciiprppnusp\azimutal\azimutal.cpp(52): error C2039: 'pinRX0': is not a member of 'Azimutal'
  c:\users\asus\documents\github\jciiprppnusp\azimutal\azimutal.h(23): note: see declaration of 'Azimutal'
c:\users\asus\documents\github\jciiprppnusp\azimutal\azimutal.cpp(53): error C2039: 'pinRX0': is not a member of 'Azimutal'
  c:\users\asus\documents\github\jciiprppnusp\azimutal\azimutal.h(23): note: see declaration of 'Azimutal'
c:\users\asus\documents\github\jciiprppnusp\azimutal\azimutal.cpp(53): error C2065: 'INPUT': undeclared identifier
c:\users\asus\documents\github\jciiprppnusp\azimutal\azimutal.cpp(53): error C3861: 'pinMode': identifier not found
c:\users\asus\documents\github\jciiprppnusp\azimutal\azimutal.cpp(54): error C2039: 'pinRX1': is not a member of 'Azimutal'
  c:\users\asus\documents\github\jciiprppnusp\azimutal\azimutal.h(23): note: see declaration of 'Azimutal'
c:\users\asus\documents\github\jciiprppnusp\azimutal\azimutal.cpp(55): error C2039: 'pinRX1': is not a member of 'Azimutal'
  c:\users\asus\documents\github\jciiprppnusp\azimutal\azimutal.h(23): note: see declaration of 'Azimutal'
c:\users\asus\documents\github\jciiprppnusp\azimutal\azimutal.cpp(55): error C2065: 'INPUT': undeclared identifier
c:\users\asus\documents\github\jciiprppnusp\azimutal\azimutal.cpp(55): error C3861: 'pinMode': identifier not found
c:\users\asus\documents\github\jciiprppnusp\azimutal\azimutal.cpp(56): error C2039: 'pinRX2': is not a member of 'Azimutal'
  c:\users\asus\documents\github\jciiprppnusp\azimutal\azimutal.h(23): note: see declaration of 'Azimutal'
c:\users\asus\documents\github\jciiprppnusp\azimutal\azimutal.cpp(57): error C2039: 'pinRX': is not a member of 'Azimutal'
  c:\users\asus\documents\github\jciiprppnusp\azimutal\azimutal.h(23): note: see declaration of 'Azimutal'
c:\users\asus\documents\github\jciiprppnusp\azimutal\azimutal.cpp(57): error C2065: 'INPUT': undeclared identifier
c:\users\asus\documents\github\jciiprppnusp\azimutal\azimutal.cpp(57): error C3861: 'pinMode': identifier not found
c:\users\asus\documents\github\jciiprppnusp\azimutal\azimutal.cpp(58): error C2039: 'pinRX3': is not a member of 'Azimutal'
  c:\users\asus\documents\github\jciiprppnusp\azimutal\azimutal.h(23): note: see declaration of 'Azimutal'
c:\users\asus\documents\github\jciiprppnusp\azimutal\azimutal.cpp(59): error C2039: 'pinRX3': is not a member of 'Azimutal'
  c:\users\asus\documents\github\jciiprppnusp\azimutal\azimutal.h(23): note: see declaration of 'Azimutal'
c:\users\asus\documents\github\jciiprppnusp\azimutal\azimutal.cpp(59): error C2065: 'INPUT': undeclared identifier
c:\users\asus\documents\github\jciiprppnusp\azimutal\azimutal.cpp(59): error C3861: 'pinMode': identifier not found
c:\users\asus\documents\github\jciiprppnusp\azimutal\azimutal.cpp(61): error C2039: 'pinNS': is not a member of 'Azimutal'
  c:\users\asus\documents\github\jciiprppnusp\azimutal\azimutal.h(23): note: see declaration of 'Azimutal'
c:\users\asus\documents\github\jciiprppnusp\azimutal\azimutal.cpp(62): error C2039: 'pinNS': is not a member of 'Azimutal'
  c:\users\asus\documents\github\jciiprppnusp\azimutal\azimutal.h(23): note: see declaration of 'Azimutal'
c:\users\asus\documents\github\jciiprppnusp\azimutal\azimutal.cpp(62): error C2065: 'INPUT': undeclared identifier
c:\users\asus\documents\github\jciiprppnusp\azimutal\azimutal.cpp(62): error C3861: 'pinMode': identifier not found
c:\users\asus\documents\github\jciiprppnusp\azimutal\azimutal.cpp(73): error C2039: 'setConstPWM': is not a member of 'Azimutal'
  c:\users\asus\documents\github\jciiprppnusp\azimutal\azimutal.h(23): note: see declaration of 'Azimutal'
c:\users\asus\documents\github\jciiprppnusp\azimutal\azimutal.cpp(75): error C2355: 'this': can only be referenced inside non-static member functions or non-static data member initializers
c:\users\asus\documents\github\jciiprppnusp\azimutal\azimutal.cpp(75): error C2227: left of '->minPWM' must point to class/struct/union/generic type
c:\users\asus\documents\github\jciiprppnusp\azimutal\azimutal.cpp(76): error C2355: 'this': can only be referenced inside non-static member functions or non-static data member initializers
c:\users\asus\documents\github\jciiprppnusp\azimutal\azimutal.cpp(76): error C2227: left of '->maxPWM' must point to class/struct/union/generic type
c:\users\asus\documents\github\jciiprppnusp\azimutal\azimutal.cpp(80): error C2039: 'setConstNH': is not a member of 'Azimutal'
  c:\users\asus\documents\github\jciiprppnusp\azimutal\azimutal.h(23): note: see declaration of 'Azimutal'
c:\users\asus\documents\github\jciiprppnusp\azimutal\azimutal.cpp(82): error C2355: 'this': can only be referenced inside non-static member functions or non-static data member initializers
c:\users\asus\documents\github\jciiprppnusp\azimutal\azimutal.cpp(82): error C2227: left of '->nullHole' must point to class/struct/union/generic type
c:\users\asus\documents\github\jciiprppnusp\azimutal\azimutal.cpp(85): error C2039: 'setRestrition': is not a member of 'Azimutal'
  c:\users\asus\documents\github\jciiprppnusp\azimutal\azimutal.h(23): note: see declaration of 'Azimutal'
c:\users\asus\documents\github\jciiprppnusp\azimutal\azimutal.cpp(87): error C2355: 'this': can only be referenced inside non-static member functions or non-static data member initializers
c:\users\asus\documents\github\jciiprppnusp\azimutal\azimutal.cpp(87): error C2227: left of '->restrition' must point to class/struct/union/generic type
c:\users\asus\documents\github\jciiprppnusp\azimutal\azimutal.cpp(90): error C2039: 'setDriverConf': is not a member of 'Azimutal'
  c:\users\asus\documents\github\jciiprppnusp\azimutal\azimutal.h(23): note: see declaration of 'Azimutal'
c:\users\asus\documents\github\jciiprppnusp\azimutal\azimutal.cpp(92): error C2355: 'this': can only be referenced inside non-static member functions or non-static data member initializers
c:\users\asus\documents\github\jciiprppnusp\azimutal\azimutal.cpp(92): error C2227: left of '->driverConf' must point to class/struct/union/generic type
c:\users\asus\documents\github\jciiprppnusp\azimutal\azimutal.cpp(97): error C2039: 'readPWM': is not a member of 'Azimutal'
  c:\users\asus\documents\github\jciiprppnusp\azimutal\azimutal.h(23): note: see declaration of 'Azimutal'
c:\users\asus\documents\github\jciiprppnusp\azimutal\azimutal.cpp(99): error C2065: 'HIGH': undeclared identifier
c:\users\asus\documents\github\jciiprppnusp\azimutal\azimutal.cpp(99): error C3861: 'pulseIn': identifier not found
c:\users\asus\documents\github\jciiprppnusp\azimutal\azimutal.cpp(100): error C2355: 'this': can only be referenced inside non-static member functions or non-static data member initializers
c:\users\asus\documents\github\jciiprppnusp\azimutal\azimutal.cpp(100): error C2227: left of '->maxPWM' must point to class/struct/union/generic type
c:\users\asus\documents\github\jciiprppnusp\azimutal\azimutal.cpp(100): error C2065: 'maxPWM': undeclared identifier
c:\users\asus\documents\github\jciiprppnusp\azimutal\azimutal.cpp(101): error C2355: 'this': can only be referenced inside non-static member functions or non-static data member initializers
c:\users\asus\documents\github\jciiprppnusp\azimutal\azimutal.cpp(101): error C2227: left of '->minPWM' must point to class/struct/union/generic type
c:\users\asus\documents\github\jciiprppnusp\azimutal\azimutal.cpp(101): error C2065: 'minPWM': undeclared identifier
c:\users\asus\documents\github\jciiprppnusp\azimutal\azimutal.cpp(103): error C2065: 'minPWM': undeclared identifier
c:\users\asus\documents\github\jciiprppnusp\azimutal\azimutal.cpp(103): error C2065: 'maxPWM': undeclared identifier
c:\users\asus\documents\github\jciiprppnusp\azimutal\azimutal.cpp(103): error C3861: 'map_f': identifier not found
c:\users\asus\documents\github\jciiprppnusp\azimutal\azimutal.cpp(105): error C2039: 'map_f': is not a member of 'Azimutal'
  c:\users\asus\documents\github\jciiprppnusp\azimutal\azimutal.h(23): note: see declaration of 'Azimutal'
c:\users\asus\documents\github\jciiprppnusp\azimutal\azimutal.cpp(135): error C2039: 'readStep': is not a member of 'Azimutal'
  c:\users\asus\documents\github\jciiprppnusp\azimutal\azimutal.h(23): note: see declaration of 'Azimutal'
c:\users\asus\documents\github\jciiprppnusp\azimutal\azimutal.cpp(138): error C2065: 'pinRX0': undeclared identifier
c:\users\asus\documents\github\jciiprppnusp\azimutal\azimutal.cpp(141): error C2355: 'this': can only be referenced inside non-static member functions or non-static data member initializers
c:\users\asus\documents\github\jciiprppnusp\azimutal\azimutal.cpp(141): error C2227: left of '->getNbrSteps' must point to class/struct/union/generic type
c:\users\asus\documents\github\jciiprppnusp\azimutal\azimutal.cpp(141): error C2227: left of '->driverConf' must point to class/struct/union/generic type
c:\users\asus\documents\github\jciiprppnusp\azimutal\azimutal.cpp(141): error C2227: left of '->restrition' must point to class/struct/union/generic type
c:\users\asus\documents\github\jciiprppnusp\azimutal\azimutal.cpp(144): error C2039: 'moveToStep': is not a member of 'Azimutal'
  c:\users\asus\documents\github\jciiprppnusp\azimutal\azimutal.h(23): note: see declaration of 'Azimutal'
c:\users\asus\documents\github\jciiprppnusp\azimutal\azimutal.cpp(146): error C2653: 'Stepper': is not a class or namespace name
c:\users\asus\documents\github\jciiprppnusp\azimutal\azimutal.cpp(146): error C3861: 'step': identifier not found
c:\users\asus\documents\github\jciiprppnusp\azimutal\azimutal.cpp(147): error C2062: type 'void' unexpected
c:\users\asus\documents\github\jciiprppnusp\azimutal\azimutal.cpp(151): error C2039: 'idPriority': is not a member of 'Azimutal'
  c:\users\asus\documents\github\jciiprppnusp\azimutal\azimutal.h(23): note: see declaration of 'Azimutal'
c:\users\asus\documents\github\jciiprppnusp\azimutal\azimutal.cpp(153): error C2065: 'pinRX3': undeclared identifier
c:\users\asus\documents\github\jciiprppnusp\azimutal\azimutal.cpp(153): fatal error C1003: error count exceeds 100; stopping compilation
  Generating Code...
